<?xml version="1.0" encoding="UTF-8"?>
<coverage generated="1760657465097" clover="3.2.0">
  <project timestamp="1760657465097" name="All files">
    <metrics statements="181" coveredstatements="87" conditionals="88" coveredconditionals="52" methods="45" coveredmethods="21" elements="314" coveredelements="160" complexity="0" loc="181" ncloc="181" packages="6" files="7" classes="7"/>
    <package name="components.ui">
      <metrics statements="8" coveredstatements="0" conditionals="0" coveredconditionals="0" methods="0" coveredmethods="0"/>
      <file name="aspect-ratio.tsx" path="/home/owner/Github/Fuel Book Android/src/components/ui/aspect-ratio.tsx">
        <metrics statements="3" coveredstatements="0" conditionals="0" coveredconditionals="0" methods="0" coveredmethods="0"/>
        <line num="3" count="0" type="stmt"/>
        <line num="5" count="0" type="stmt"/>
        <line num="7" count="0" type="stmt"/>
      </file>
      <file name="collapsible.tsx" path="/home/owner/Github/Fuel Book Android/src/components/ui/collapsible.tsx">
        <metrics statements="5" coveredstatements="0" conditionals="0" coveredconditionals="0" methods="0" coveredmethods="0"/>
        <line num="3" count="0" type="stmt"/>
        <line num="5" count="0" type="stmt"/>
        <line num="7" count="0" type="stmt"/>
        <line num="9" count="0" type="stmt"/>
        <line num="11" count="0" type="stmt"/>
      </file>
    </package>
    <package name="data">
      <metrics statements="28" coveredstatements="0" conditionals="8" coveredconditionals="0" methods="7" coveredmethods="0"/>
      <file name="state-coverage.ts" path="/home/owner/Github/Fuel Book Android/src/data/state-coverage.ts">
        <metrics statements="28" coveredstatements="0" conditionals="8" coveredconditionals="0" methods="7" coveredmethods="0"/>
        <line num="14" count="0" type="stmt"/>
        <line num="29" count="0" type="stmt"/>
        <line num="42" count="0" type="stmt"/>
        <line num="56" count="0" type="stmt"/>
        <line num="57" count="0" type="stmt"/>
        <line num="58" count="0" type="stmt"/>
        <line num="59" count="0" type="cond" truecount="0" falsecount="2"/>
        <line num="61" count="0" type="stmt"/>
        <line num="73" count="0" type="stmt"/>
        <line num="74" count="0" type="stmt"/>
        <line num="80" count="0" type="stmt"/>
        <line num="81" count="0" type="cond" truecount="0" falsecount="2"/>
        <line num="85" count="0" type="stmt"/>
        <line num="101" count="0" type="stmt"/>
        <line num="102" count="0" type="stmt"/>
        <line num="105" count="0" type="cond" truecount="0" falsecount="2"/>
        <line num="106" count="0" type="stmt"/>
        <line num="110" count="0" type="cond" truecount="0" falsecount="2"/>
        <line num="111" count="0" type="stmt"/>
        <line num="115" count="0" type="stmt"/>
        <line num="121" count="0" type="stmt"/>
        <line num="122" count="0" type="stmt"/>
        <line num="123" count="0" type="stmt"/>
        <line num="129" count="0" type="stmt"/>
        <line num="130" count="0" type="stmt"/>
        <line num="131" count="0" type="stmt"/>
        <line num="132" count="0" type="stmt"/>
        <line num="134" count="0" type="stmt"/>
      </file>
    </package>
    <package name="hooks">
      <metrics statements="12" coveredstatements="0" conditionals="0" coveredconditionals="0" methods="4" coveredmethods="0"/>
      <file name="use-mobile.tsx" path="/home/owner/Github/Fuel Book Android/src/hooks/use-mobile.tsx">
        <metrics statements="12" coveredstatements="0" conditionals="0" coveredconditionals="0" methods="4" coveredmethods="0"/>
        <line num="1" count="0" type="stmt"/>
        <line num="3" count="0" type="stmt"/>
        <line num="5" count="0" type="stmt"/>
        <line num="6" count="0" type="stmt"/>
        <line num="8" count="0" type="stmt"/>
        <line num="9" count="0" type="stmt"/>
        <line num="10" count="0" type="stmt"/>
        <line num="11" count="0" type="stmt"/>
        <line num="13" count="0" type="stmt"/>
        <line num="14" count="0" type="stmt"/>
        <line num="15" count="0" type="stmt"/>
        <line num="18" count="0" type="stmt"/>
      </file>
    </package>
    <package name="lib">
      <metrics statements="4" coveredstatements="0" conditionals="0" coveredconditionals="0" methods="1" coveredmethods="0"/>
      <file name="utils.ts" path="/home/owner/Github/Fuel Book Android/src/lib/utils.ts">
        <metrics statements="4" coveredstatements="0" conditionals="0" coveredconditionals="0" methods="1" coveredmethods="0"/>
        <line num="1" count="0" type="stmt"/>
        <line num="2" count="0" type="stmt"/>
        <line num="4" count="0" type="stmt"/>
        <line num="5" count="0" type="stmt"/>
      </file>
    </package>
    <package name="polymet.data">
      <metrics statements="11" coveredstatements="0" conditionals="6" coveredconditionals="0" methods="4" coveredmethods="0"/>
      <file name="fuel-entries-data.ts" path="/home/owner/Github/Fuel Book Android/src/polymet/data/fuel-entries-data.ts">
        <metrics statements="11" coveredstatements="0" conditionals="6" coveredconditionals="0" methods="4" coveredmethods="0"/>
        <line num="13" count="0" type="stmt"/>
        <line num="76" count="0" type="stmt"/>
        <line num="92" count="0" type="stmt"/>
        <line num="93" count="0" type="stmt"/>
        <line num="94" count="0" type="stmt"/>
        <line num="97" count="0" type="stmt"/>
        <line num="98" count="0" type="stmt"/>
        <line num="101" count="0" type="cond" truecount="0" falsecount="2"/>
        <line num="106" count="0" type="cond" truecount="0" falsecount="2"/>
        <line num="107" count="0" type="cond" truecount="0" falsecount="2"/>
        <line num="109" count="0" type="stmt"/>
      </file>
    </package>
    <package name="utils">
      <metrics statements="118" coveredstatements="87" conditionals="74" coveredconditionals="52" methods="29" coveredmethods="21"/>
      <file name="data-transformer.ts" path="/home/owner/Github/Fuel Book Android/src/utils/data-transformer.ts">
        <metrics statements="118" coveredstatements="87" conditionals="74" coveredconditionals="52" methods="29" coveredmethods="21"/>
        <line num="21" count="1" type="stmt"/>
        <line num="27" count="16" type="cond" truecount="4" falsecount="0"/>
        <line num="28" count="5" type="stmt"/>
        <line num="31" count="24" type="stmt"/>
        <line num="32" count="11" type="cond" truecount="2" falsecount="0"/>
        <line num="33" count="1" type="cond" truecount="1" falsecount="1"/>
        <line num="36" count="10" type="stmt"/>
        <line num="37" count="20" type="stmt"/>
        <line num="40" count="10" type="cond" truecount="1" falsecount="1"/>
        <line num="41" count="10" type="cond" truecount="2" falsecount="0"/>
        <line num="43" count="10" type="stmt"/>
        <line num="50" count="4" type="stmt"/>
        <line num="51" count="4" type="cond" truecount="2" falsecount="0"/>
        <line num="52" count="3" type="cond" truecount="2" falsecount="0"/>
        <line num="53" count="1" type="cond" truecount="1" falsecount="1"/>
        <line num="54" count="0" type="stmt"/>
        <line num="61" count="4" type="stmt"/>
        <line num="62" count="4" type="cond" truecount="2" falsecount="0"/>
        <line num="63" count="1" type="cond" truecount="1" falsecount="1"/>
        <line num="64" count="0" type="cond" truecount="0" falsecount="2"/>
        <line num="65" count="0" type="stmt"/>
        <line num="71" count="1" type="stmt"/>
        <line num="75" count="4" type="stmt"/>
        <line num="77" count="4" type="stmt"/>
        <line num="96" count="1" type="stmt"/>
        <line num="101" count="0" type="stmt"/>
        <line num="102" count="0" type="stmt"/>
        <line num="103" count="0" type="stmt"/>
        <line num="105" count="0" type="cond" truecount="0" falsecount="2"/>
        <line num="106" count="0" type="stmt"/>
        <line num="107" count="0" type="stmt"/>
        <line num="108" count="0" type="stmt"/>
        <line num="109" count="0" type="stmt"/>
        <line num="112" count="0" type="stmt"/>
        <line num="133" count="1" type="stmt"/>
        <line num="134" count="0" type="stmt"/>
        <line num="137" count="0" type="stmt"/>
        <line num="139" count="0" type="cond" truecount="0" falsecount="2"/>
        <line num="142" count="0" type="stmt"/>
        <line num="143" count="0" type="stmt"/>
        <line num="148" count="0" type="cond" truecount="0" falsecount="2"/>
        <line num="149" count="0" type="stmt"/>
        <line num="150" count="0" type="stmt"/>
        <line num="154" count="0" type="stmt"/>
        <line num="160" count="1" type="stmt"/>
        <line num="161" count="3" type="stmt"/>
        <line num="163" count="3" type="stmt"/>
        <line num="164" count="7" type="cond" truecount="2" falsecount="0"/>
        <line num="165" count="6" type="stmt"/>
        <line num="169" count="3" type="stmt"/>
        <line num="175" count="1" type="stmt"/>
        <line num="176" count="1" type="stmt"/>
        <line num="178" count="1" type="stmt"/>
        <line num="179" count="4" type="stmt"/>
        <line num="182" count="1" type="stmt"/>
        <line num="188" count="1" type="stmt"/>
        <line num="189" count="1" type="stmt"/>
        <line num="191" count="1" type="stmt"/>
        <line num="192" count="4" type="stmt"/>
        <line num="195" count="1" type="stmt"/>
        <line num="202" count="1" type="stmt"/>
        <line num="258" count="1" type="stmt"/>
        <line num="316" count="14" type="stmt"/>
        <line num="319" count="14" type="cond" truecount="2" falsecount="0"/>
        <line num="320" count="2" type="stmt"/>
        <line num="323" count="12" type="stmt"/>
        <line num="329" count="1" type="stmt"/>
        <line num="333" count="22" type="cond" truecount="2" falsecount="0"/>
        <line num="335" count="14" type="stmt"/>
        <line num="336" count="14" type="stmt"/>
        <line num="338" count="14" type="stmt"/>
        <line num="339" count="42" type="stmt"/>
        <line num="340" count="42" type="stmt"/>
        <line num="341" count="42" type="stmt"/>
        <line num="342" count="42" type="stmt"/>
        <line num="345" count="42" type="stmt"/>
        <line num="348" count="42" type="cond" truecount="2" falsecount="0"/>
        <line num="352" count="42" type="cond" truecount="2" falsecount="0"/>
        <line num="356" count="42" type="cond" truecount="3" falsecount="0"/>
        <line num="357" count="42" type="cond" truecount="2" falsecount="0"/>
        <line num="358" count="9" type="stmt"/>
        <line num="362" count="33" type="stmt"/>
        <line num="363" count="33" type="cond" truecount="2" falsecount="0"/>
        <line num="364" count="4" type="stmt"/>
        <line num="368" count="29" type="cond" truecount="2" falsecount="0"/>
        <line num="369" count="17" type="stmt"/>
        <line num="370" count="17" type="stmt"/>
        <line num="371" count="17" type="stmt"/>
        <line num="373" count="17" type="cond" truecount="3" falsecount="0"/>
        <line num="376" count="12" type="stmt"/>
        <line num="383" count="1" type="stmt"/>
        <line num="384" count="0" type="cond" truecount="0" falsecount="2"/>
        <line num="386" count="0" type="stmt"/>
        <line num="387" count="0" type="stmt"/>
        <line num="390" count="0" type="stmt"/>
        <line num="391" count="0" type="cond" truecount="0" falsecount="2"/>
        <line num="392" count="0" type="stmt"/>
        <line num="397" count="0" type="stmt"/>
        <line num="398" count="0" type="cond" truecount="0" falsecount="4"/>
        <line num="399" count="0" type="stmt"/>
        <line num="404" count="0" type="stmt"/>
        <line num="410" count="1" type="stmt"/>
        <line num="415" count="7" type="stmt"/>
        <line num="417" count="7" type="cond" truecount="4" falsecount="0"/>
        <line num="418" count="8" type="stmt"/>
        <line num="421" count="7" type="cond" truecount="4" falsecount="0"/>
        <line num="422" count="2" type="stmt"/>
        <line num="423" count="5" type="stmt"/>
        <line num="427" count="7" type="stmt"/>
        <line num="433" count="1" type="stmt"/>
        <line num="437" count="7" type="cond" truecount="4" falsecount="0"/>
        <line num="438" count="5" type="stmt"/>
        <line num="441" count="4" type="stmt"/>
        <line num="447" count="1" type="stmt"/>
        <line num="454" count="7" type="stmt"/>
        <line num="455" count="7" type="stmt"/>
        <line num="456" count="7" type="stmt"/>
        <line num="457" count="7" type="stmt"/>
      </file>
    </package>
  </project>
</coverage>
