TN:
SF:src/components/ui/aspect-ratio.tsx
FNF:0
FNH:0
DA:3,0
DA:5,0
DA:7,0
LF:3
LH:0
BRF:0
BRH:0
end_of_record
TN:
SF:src/components/ui/collapsible.tsx
FNF:0
FNH:0
DA:3,0
DA:5,0
DA:7,0
DA:9,0
DA:11,0
LF:5
LH:0
BRF:0
BRH:0
end_of_record
TN:
SF:src/data/state-coverage.ts
FN:56,getStateCoverage
FN:57,(anonymous_1)
FN:73,getEmptyStates
FN:80,getNearbyStates
FN:101,normalizeStateName
FN:121,stateHasStations
FN:129,getCoverageStats
FNF:7
FNH:0
FNDA:0,getStateCoverage
FNDA:0,(anonymous_1)
FNDA:0,getEmptyStates
FNDA:0,getNearbyStates
FNDA:0,normalizeStateName
FNDA:0,stateHasStations
FNDA:0,getCoverageStats
DA:14,0
DA:29,0
DA:42,0
DA:56,0
DA:57,0
DA:58,0
DA:59,0
DA:61,0
DA:73,0
DA:74,0
DA:80,0
DA:81,0
DA:85,0
DA:101,0
DA:102,0
DA:105,0
DA:106,0
DA:110,0
DA:111,0
DA:115,0
DA:121,0
DA:122,0
DA:123,0
DA:129,0
DA:130,0
DA:131,0
DA:132,0
DA:134,0
LF:28
LH:0
BRDA:59,0,0,0
BRDA:59,0,1,0
BRDA:81,1,0,0
BRDA:81,1,1,0
BRDA:105,2,0,0
BRDA:105,2,1,0
BRDA:110,3,0,0
BRDA:110,3,1,0
BRF:8
BRH:0
end_of_record
TN:
SF:src/hooks/use-mobile.tsx
FN:5,useIsMobile
FN:8,(anonymous_1)
FN:10,(anonymous_2)
FN:15,(anonymous_3)
FNF:4
FNH:0
FNDA:0,useIsMobile
FNDA:0,(anonymous_1)
FNDA:0,(anonymous_2)
FNDA:0,(anonymous_3)
DA:1,0
DA:3,0
DA:5,0
DA:6,0
DA:8,0
DA:9,0
DA:10,0
DA:11,0
DA:13,0
DA:14,0
DA:15,0
DA:18,0
LF:12
LH:0
BRF:0
BRH:0
end_of_record
TN:
SF:src/lib/utils.ts
FN:4,cn
FNF:1
FNH:0
FNDA:0,cn
DA:1,0
DA:2,0
DA:4,0
DA:5,0
LF:4
LH:0
BRF:0
BRH:0
end_of_record
TN:
SF:src/polymet/data/fuel-entries-data.ts
FN:92,(anonymous_0)
FN:94,(anonymous_1)
FN:97,(anonymous_2)
FN:98,(anonymous_3)
FNF:4
FNH:0
FNDA:0,(anonymous_0)
FNDA:0,(anonymous_1)
FNDA:0,(anonymous_2)
FNDA:0,(anonymous_3)
DA:13,0
DA:76,0
DA:92,0
DA:93,0
DA:94,0
DA:97,0
DA:98,0
DA:101,0
DA:106,0
DA:107,0
DA:109,0
LF:11
LH:0
BRDA:101,0,0,0
BRDA:101,0,1,0
BRDA:106,1,0,0
BRDA:106,1,1,0
BRDA:107,2,0,0
BRDA:107,2,1,0
BRF:6
BRH:0
end_of_record
TN:
SF:src/utils/data-transformer.ts
FN:21,parseCityStateZip
FN:31,(anonymous_1)
FN:37,(anonymous_2)
FN:49,normalizeStationType
FN:60,normalizeBrand
FN:71,transformFuelStation
FN:96,transformCovenantTerminal
FN:133,flattenStations
FN:137,(anonymous_8)
FN:142,(anonymous_9)
FN:149,(anonymous_10)
FN:160,extractStates
FN:163,(anonymous_12)
FN:175,extractStationTypes
FN:178,(anonymous_14)
FN:188,extractBrands
FN:191,(anonymous_16)
FN:315,normalizeSearchQuery
FN:329,searchStations
FN:338,(anonymous_19)
FN:383,getSearchSuggestions
FN:390,(anonymous_21)
FN:397,(anonymous_22)
FN:410,filterStations
FN:418,(anonymous_24)
FN:423,(anonymous_25)
FN:433,filterByBrand
FN:441,(anonymous_27)
FN:447,getFilteredStations
FNF:29
FNH:21
FNDA:16,parseCityStateZip
FNDA:24,(anonymous_1)
FNDA:20,(anonymous_2)
FNDA:4,normalizeStationType
FNDA:4,normalizeBrand
FNDA:4,transformFuelStation
FNDA:0,transformCovenantTerminal
FNDA:0,flattenStations
FNDA:0,(anonymous_8)
FNDA:0,(anonymous_9)
FNDA:0,(anonymous_10)
FNDA:3,extractStates
FNDA:7,(anonymous_12)
FNDA:1,extractStationTypes
FNDA:4,(anonymous_14)
FNDA:1,extractBrands
FNDA:4,(anonymous_16)
FNDA:14,normalizeSearchQuery
FNDA:22,searchStations
FNDA:42,(anonymous_19)
FNDA:0,getSearchSuggestions
FNDA:0,(anonymous_21)
FNDA:0,(anonymous_22)
FNDA:7,filterStations
FNDA:8,(anonymous_24)
FNDA:5,(anonymous_25)
FNDA:7,filterByBrand
FNDA:4,(anonymous_27)
FNDA:7,getFilteredStations
DA:21,1
DA:27,16
DA:28,5
DA:31,24
DA:32,11
DA:33,1
DA:36,10
DA:37,20
DA:40,10
DA:41,10
DA:43,10
DA:50,4
DA:51,4
DA:52,3
DA:53,1
DA:54,0
DA:61,4
DA:62,4
DA:63,1
DA:64,0
DA:65,0
DA:71,1
DA:75,4
DA:77,4
DA:96,1
DA:101,0
DA:102,0
DA:103,0
DA:105,0
DA:106,0
DA:107,0
DA:108,0
DA:109,0
DA:112,0
DA:133,1
DA:134,0
DA:137,0
DA:139,0
DA:142,0
DA:143,0
DA:148,0
DA:149,0
DA:150,0
DA:154,0
DA:160,1
DA:161,3
DA:163,3
DA:164,7
DA:165,6
DA:169,3
DA:175,1
DA:176,1
DA:178,1
DA:179,4
DA:182,1
DA:188,1
DA:189,1
DA:191,1
DA:192,4
DA:195,1
DA:202,1
DA:258,1
DA:316,14
DA:319,14
DA:320,2
DA:323,12
DA:329,1
DA:333,22
DA:335,14
DA:336,14
DA:338,14
DA:339,42
DA:340,42
DA:341,42
DA:342,42
DA:345,42
DA:348,42
DA:352,42
DA:356,42
DA:357,42
DA:358,9
DA:362,33
DA:363,33
DA:364,4
DA:368,29
DA:369,17
DA:370,17
DA:371,17
DA:373,17
DA:376,12
DA:383,1
DA:384,0
DA:386,0
DA:387,0
DA:390,0
DA:391,0
DA:392,0
DA:397,0
DA:398,0
DA:399,0
DA:404,0
DA:410,1
DA:415,7
DA:417,7
DA:418,8
DA:421,7
DA:422,2
DA:423,5
DA:427,7
DA:433,1
DA:437,7
DA:438,5
DA:441,4
DA:447,1
DA:454,7
DA:455,7
DA:456,7
DA:457,7
LF:118
LH:87
BRDA:27,0,0,5
BRDA:27,0,1,11
BRDA:27,1,0,16
BRDA:27,1,1,13
BRDA:32,2,0,1
BRDA:32,2,1,10
BRDA:33,3,0,1
BRDA:33,3,1,0
BRDA:40,4,0,10
BRDA:40,4,1,0
BRDA:41,5,0,10
BRDA:41,5,1,1
BRDA:51,6,0,1
BRDA:51,6,1,3
BRDA:52,7,0,2
BRDA:52,7,1,1
BRDA:53,8,0,1
BRDA:53,8,1,0
BRDA:62,9,0,3
BRDA:62,9,1,1
BRDA:63,10,0,1
BRDA:63,10,1,0
BRDA:64,11,0,0
BRDA:64,11,1,0
BRDA:105,12,0,0
BRDA:105,12,1,0
BRDA:115,13,0,0
BRDA:115,13,1,0
BRDA:139,14,0,0
BRDA:139,14,1,0
BRDA:148,15,0,0
BRDA:148,15,1,0
BRDA:164,16,0,6
BRDA:164,16,1,1
BRDA:319,17,0,2
BRDA:319,17,1,12
BRDA:333,18,0,8
BRDA:333,18,1,14
BRDA:348,19,0,42
BRDA:348,19,1,6
BRDA:352,20,0,42
BRDA:352,20,1,42
BRDA:356,21,0,42
BRDA:356,21,1,34
BRDA:356,21,2,34
BRDA:357,22,0,9
BRDA:357,22,1,33
BRDA:363,23,0,4
BRDA:363,23,1,29
BRDA:368,24,0,17
BRDA:368,24,1,12
BRDA:373,25,0,17
BRDA:373,25,1,14
BRDA:373,25,2,14
BRDA:384,26,0,0
BRDA:384,26,1,0
BRDA:391,27,0,0
BRDA:391,27,1,0
BRDA:398,28,0,0
BRDA:398,28,1,0
BRDA:398,29,0,0
BRDA:398,29,1,0
BRDA:417,30,0,3
BRDA:417,30,1,4
BRDA:417,31,0,7
BRDA:417,31,1,4
BRDA:421,32,0,2
BRDA:421,32,1,5
BRDA:421,33,0,7
BRDA:421,33,1,3
BRDA:437,34,0,5
BRDA:437,34,1,2
BRDA:437,35,0,7
BRDA:437,35,1,3
BRF:74
BRH:52
end_of_record
